<?xml version="1.0" encoding="UTF-8"?>
<testng-results ignored="0" total="1" passed="1" failed="0" skipped="0">
  <reporter-output>
  </reporter-output>
  <suite started-at="2022-02-17T11:35:42 IST" name="Default suite" finished-at="2022-02-17T11:35:47 IST" duration-ms="4859">
    <groups>
    </groups>
    <test started-at="2022-02-17T11:35:42 IST" name="Default test" finished-at="2022-02-17T11:35:47 IST" duration-ms="4859">
      <class name="StaticJson">
        <test-method signature="addBook()[pri:0, instance:StaticJson@a2431d0]" started-at="2022-02-17T11:35:42 IST" name="addBook" finished-at="2022-02-17T11:35:47 IST" duration-ms="4820" status="PASS">
          <reporter-output>
          </reporter-output>
        </test-method> <!-- addBook -->
      </class> <!-- StaticJson -->
    </test> <!-- Default test -->
  </suite> <!-- Default suite -->
</testng-results>
